Flutter crash report.
Please report a bug at https://github.com/flutter/flutter/issues.

## command

flutter run --machine -d emulator-5554 --profile --devtools-server-address http://127.0.0.1:9100/ --target lib/main.dart

## exception

String: failed to connect to http://127.0.0.1:53718/Son_QEsLk1k=/

```
```

## flutter doctor

```
[✓] Flutter (Channel stable, 3.13.9, on macOS 12.5.1 21G83 darwin-arm64, locale en-VN)
    • Flutter version 3.13.9 on channel stable at /Users/sonluu/Development/flutter
    • Upstream repository https://github.com/flutter/flutter.git
    • Framework revision d211f42860 (3 weeks ago), 2023-10-25 13:42:25 -0700
    • Engine revision 0545f8705d
    • Dart version 3.1.5
    • DevTools version 2.25.0

[✓] Android toolchain - develop for Android devices (Android SDK version 33.0.0)
    • Android SDK at /Users/sonluu/Library/Android/sdk
    • Platform android-33, build-tools 33.0.0
    • Java binary at: /Applications/Android Studio.app/Contents/jre/Contents/Home/bin/java
    • Java version OpenJDK Runtime Environment (build 11.0.13+0-b1751.21-8125866)
    • All Android licenses accepted.

[✓] Xcode - develop for iOS and macOS (Xcode 14.0.1)
    • Xcode at /Applications/Xcode.app/Contents/Developer
    • Build 14A400
    • CocoaPods version 1.11.3

[✓] Chrome - develop for the web
    • Chrome at /Applications/Google Chrome.app/Contents/MacOS/Google Chrome

[✓] Android Studio (version 2021.3)
    • Android Studio at /Applications/Android Studio.app/Contents
    • Flutter plugin can be installed from:
      🔨 https://plugins.jetbrains.com/plugin/9212-flutter
    • Dart plugin can be installed from:
      🔨 https://plugins.jetbrains.com/plugin/6351-dart
    • Java version OpenJDK Runtime Environment (build 11.0.13+0-b1751.21-8125866)

[✓] VS Code (version 1.74.2)
    • VS Code at /Applications/Visual Studio Code.app/Contents
    • Flutter extension version 3.60.0

[✓] Connected device (3 available)
    • sdk gphone64 arm64 (mobile) • emulator-5554 • android-arm64  • Android 13 (API 33) (emulator)
    • macOS (desktop)             • macos         • darwin-arm64   • macOS 12.5.1 21G83 darwin-arm64
    • Chrome (web)                • chrome        • web-javascript • Google Chrome 119.0.6045.123

[✓] Network resources
    • All expected network resources are available.

• No issues found!
```
